<?xml version="1.0" encoding="UTF-8"?>
<testsuite xmlns:xsi="http://www.w3.org/2001/XMLSchema-instance" xsi:noNamespaceSchemaLocation="https://maven.apache.org/surefire/maven-surefire-plugin/xsd/surefire-test-report.xsd" name="com.cloudinary.upload.UploadApplicationTests" time="0.578" tests="1" errors="1" skipped="0" failures="0">
  <properties>
[...]
</properties>
  <testcase name="initializationError" classname="com.cloudinary.upload.UploadApplicationTests" time="0.006">
    <error message="Unable to find a @SpringBootConfiguration, you need to use @ContextConfiguration or @SpringBootTest(classes=...) with your test" type="java.lang.IllegalStateException">java.lang.IllegalStateException: Unable to find a @SpringBootConfiguration, you need to use @ContextConfiguration or @SpringBootTest(classes=...) with your test
</error>
    <system-out><![CDATA[13:41:46.436 [main] DEBUG org.springframework.test.context.junit4.SpringJUnit4ClassRunner - SpringJUnit4ClassRunner constructor called with [class com.cloudinary.upload.UploadApplicationTests]
13:41:46.446 [main] DEBUG org.springframework.test.context.BootstrapUtils - Instantiating CacheAwareContextLoaderDelegate from class [org.springframework.test.context.cache.DefaultCacheAwareContextLoaderDelegate]
13:41:46.480 [main] DEBUG org.springframework.test.context.BootstrapUtils - Instantiating BootstrapContext using constructor [public org.springframework.test.context.support.DefaultBootstrapContext(java.lang.Class,org.springframework.test.context.CacheAwareContextLoaderDelegate)]
13:41:46.511 [main] DEBUG org.springframework.test.context.BootstrapUtils - Instantiating TestContextBootstrapper for test class [com.cloudinary.upload.UploadApplicationTests] from class [org.springframework.boot.test.context.SpringBootTestContextBootstrapper]
13:41:46.527 [main] INFO org.springframework.boot.test.context.SpringBootTestContextBootstrapper - Neither @ContextConfiguration nor @ContextHierarchy found for test class [com.cloudinary.upload.UploadApplicationTests], using SpringBootContextLoader
13:41:46.530 [main] DEBUG org.springframework.test.context.support.AbstractContextLoader - Did not detect default resource location for test class [com.cloudinary.upload.UploadApplicationTests]: class path resource [com/cloudinary/upload/UploadApplicationTests-context.xml] does not exist
13:41:46.530 [main] DEBUG org.springframework.test.context.support.AbstractContextLoader - Did not detect default resource location for test class [com.cloudinary.upload.UploadApplicationTests]: class path resource [com/cloudinary/upload/UploadApplicationTestsContext.groovy] does not exist
13:41:46.531 [main] INFO org.springframework.test.context.support.AbstractContextLoader - Could not detect default resource locations for test class [com.cloudinary.upload.UploadApplicationTests]: no resource found for suffixes {-context.xml, Context.groovy}.
13:41:46.531 [main] INFO org.springframework.test.context.support.AnnotationConfigContextLoaderUtils - Could not detect default configuration classes for test class [com.cloudinary.upload.UploadApplicationTests]: UploadApplicationTests does not declare any static, non-private, non-final, nested classes annotated with @Configuration.
13:41:46.572 [main] DEBUG org.springframework.test.context.support.ActiveProfilesUtils - Could not find an 'annotation declaring class' for annotation type [org.springframework.test.context.ActiveProfiles] and class [com.cloudinary.upload.UploadApplicationTests]
13:41:46.579 [main] DEBUG org.springframework.core.env.StandardEnvironment - Adding PropertySource 'systemProperties' with lowest search precedence
13:41:46.579 [main] DEBUG org.springframework.core.env.StandardEnvironment - Adding PropertySource 'systemEnvironment' with lowest search precedence
13:41:46.580 [main] DEBUG org.springframework.core.env.StandardEnvironment - Initialized StandardEnvironment with PropertySources [MapPropertySource@1816089958 {name='systemProperties', properties={java.runtime.name=Java(TM) SE Runtime Environment, sun.boot.library.path=/Library/Java/JavaVirtualMachines/jdk1.8.0_321.jdk/Contents/Home/jre/lib, java.vm.version=25.321-b07, gopherProxySet=false, java.vm.vendor=Oracle Corporation, java.vendor.url=http://java.oracle.com/, path.separator=:, java.vm.name=Java HotSpot(TM) 64-Bit Server VM, file.encoding.pkg=sun.io, user.country=BR, sun.java.launcher=SUN_STANDARD, sun.os.patch.level=unknown, java.vm.specification.name=Java Virtual Machine Specification, user.dir=/Users/owldeveloper/Documents/_developer/owlapps/java/mercadocomerce-service-springboot, java.runtime.version=1.8.0_321-b07, basedir=/Users/owldeveloper/Documents/_developer/owlapps/java/mercadocomerce-service-springboot, java.awt.graphicsenv=sun.awt.CGraphicsEnvironment, java.endorsed.dirs=/Library/Java/JavaVirtualMachines/jdk1.8.0_321.jdk/Contents/Home/jre/lib/endorsed, os.arch=x86_64, surefire.real.class.path=/Users/owldeveloper/Documents/_developer/owlapps/java/mercadocomerce-service-springboot/target/surefire/surefirebooter8154302070523503643.jar, java.io.tmpdir=/var/folders/dk/y8l9453n75q_vj3k9zrvxm8m0000gn/T/, line.separator=
, java.vm.specification.vendor=Oracle Corporation, os.name=Mac OS X, sun.jnu.encoding=UTF-8, java.library.path=/Users/owldeveloper/Library/Java/Extensions:/Library/Java/Extensions:/Network/Library/Java/Extensions:/System/Library/Java/Extensions:/usr/lib/java:., surefire.test.class.path=/Users/owldeveloper/Documents/_developer/owlapps/java/mercadocomerce-service-springboot/target/test-classes:/Users/owldeveloper/Documents/_developer/owlapps/java/mercadocomerce-service-springboot/target/classes:/Users/owldeveloper/.m2/repository/com/google/firebase/firebase-admin/6.3.0/firebase-admin-6.3.0.jar:/Users/owldeveloper/.m2/repository/com/google/api-client/google-api-client/1.23.0/google-api-client-1.23.0.jar:/Users/owldeveloper/.m2/repository/com/google/oauth-client/google-oauth-client/1.23.0/google-oauth-client-1.23.0.jar:/Users/owldeveloper/.m2/repository/com/google/http-client/google-http-client-jackson2/1.23.0/google-http-client-jackson2-1.23.0.jar:/Users/owldeveloper/.m2/repository/com/google/api-client/google-api-client-gson/1.23.0/google-api-client-gson-1.23.0.jar:/Users/owldeveloper/.m2/repository/com/google/http-client/google-http-client-gson/1.23.0/google-http-client-gson-1.23.0.jar:/Users/owldeveloper/.m2/repository/com/google/http-client/google-http-client/1.23.0/google-http-client-1.23.0.jar:/Users/owldeveloper/.m2/repository/com/google/code/findbugs/jsr305/1.3.9/jsr305-1.3.9.jar:/Users/owldeveloper/.m2/repository/com/google/api/api-common/1.2.0/api-common-1.2.0.jar:/Users/owldeveloper/.m2/repository/com/google/auth/google-auth-library-oauth2-http/0.8.0/google-auth-library-oauth2-http-0.8.0.jar:/Users/owldeveloper/.m2/repository/com/google/auth/google-auth-library-credentials/0.8.0/google-auth-library-credentials-0.8.0.jar:/Users/owldeveloper/.m2/repository/com/google/cloud/google-cloud-storage/1.27.0/google-cloud-storage-1.27.0.jar:/Users/owldeveloper/.m2/repository/com/google/cloud/google-cloud-core/1.27.0/google-cloud-core-1.27.0.jar:/Users/owldeveloper/.m2/repository/com/google/api/gax/1.23.0/gax-1.23.0.jar:/Users/owldeveloper/.m2/repository/com/google/protobuf/protobuf-java-util/3.5.1/protobuf-java-util-3.5.1.jar:/Users/owldeveloper/.m2/repository/com/google/api/grpc/proto-google-common-protos/1.9.0/proto-google-common-protos-1.9.0.jar:/Users/owldeveloper/.m2/repository/com/google/api/grpc/proto-google-iam-v1/0.10.0/proto-google-iam-v1-0.10.0.jar:/Users/owldeveloper/.m2/repository/com/google/cloud/google-cloud-core-http/1.27.0/google-cloud-core-http-1.27.0.jar:/Users/owldeveloper/.m2/repository/com/google/http-client/google-http-client-appengine/1.23.0/google-http-client-appengine-1.23.0.jar:/Users/owldeveloper/.m2/repository/com/google/http-client/google-http-client-jackson/1.23.0/google-http-client-jackson-1.23.0.jar:/Users/owldeveloper/.m2/repository/org/codehaus/jackson/jackson-core-asl/1.9.11/jackson-core-asl-1.9.11.jar:/Users/owldeveloper/.m2/repository/com/google/api/gax-httpjson/0.40.0/gax-httpjson-0.40.0.jar:/Users/owldeveloper/.m2/repository/io/opencensus/opencensus-api/0.11.1/opencensus-api-0.11.1.jar:/Users/owldeveloper/.m2/repository/com/google/errorprone/error_prone_annotations/2.2.0/error_prone_annotations-2.2.0.jar:/Users/owldeveloper/.m2/repository/io/opencensus/opencensus-contrib-http-util/0.11.1/opencensus-contrib-http-util-0.11.1.jar:/Users/owldeveloper/.m2/repository/com/google/apis/google-api-services-storage/v1-rev114-1.23.0/google-api-services-storage-v1-rev114-1.23.0.jar:/Users/owldeveloper/.m2/repository/com/google/cloud/google-cloud-firestore/0.45.0-beta/google-cloud-firestore-0.45.0-beta.jar:/Users/owldeveloper/.m2/repository/com/google/cloud/google-cloud-core-grpc/1.27.0/google-cloud-core-grpc-1.27.0.jar:/Users/owldeveloper/.m2/repository/com/google/protobuf/protobuf-java/3.5.1/protobuf-java-3.5.1.jar:/Users/owldeveloper/.m2/repository/io/grpc/grpc-protobuf/1.10.1/grpc-protobuf-1.10.1.jar:/Users/owldeveloper/.m2/repository/io/grpc/grpc-protobuf-lite/1.10.1/grpc-protobuf-lite-1.10.1.jar:/Users/owldeveloper/.m2/repository/io/grpc/grpc-context/1.10.1/grpc-context-1.10.1.jar:/Users/owldeveloper/.m2/repository/com/google/api/gax-grpc/1.23.0/gax-grpc-1.23.0.jar:/Users/owldeveloper/.m2/repository/org/threeten/threetenbp/1.3.3/threetenbp-1.3.3.jar:/Users/owldeveloper/.m2/repository/com/google/api/grpc/proto-google-cloud-firestore-v1beta1/0.10.0/proto-google-cloud-firestore-v1beta1-0.10.0.jar:/Users/owldeveloper/.m2/repository/com/google/auto/value/auto-value/1.4/auto-value-1.4.jar:/Users/owldeveloper/.m2/repository/io/grpc/grpc-netty-shaded/1.10.1/grpc-netty-shaded-1.10.1.jar:/Users/owldeveloper/.m2/repository/io/grpc/grpc-core/1.10.1/grpc-core-1.10.1.jar:/Users/owldeveloper/.m2/repository/io/opencensus/opencensus-contrib-grpc-metrics/0.11.0/opencensus-contrib-grpc-metrics-0.11.0.jar:/Users/owldeveloper/.m2/repository/io/grpc/grpc-stub/1.10.1/grpc-stub-1.10.1.jar:/Users/owldeveloper/.m2/repository/io/grpc/grpc-auth/1.10.1/grpc-auth-1.10.1.jar:/Users/owldeveloper/.m2/repository/com/google/guava/guava/20.0/guava-20.0.jar:/Users/owldeveloper/.m2/repository/org/json/json/20160810/json-20160810.jar:/Users/owldeveloper/.m2/repository/org/slf4j/slf4j-api/1.7.25/slf4j-api-1.7.25.jar:/Users/owldeveloper/.m2/repository/io/netty/netty-codec-http/4.1.23.Final/netty-codec-http-4.1.23.Final.jar:/Users/owldeveloper/.m2/repository/io/netty/netty-codec/4.1.23.Final/netty-codec-4.1.23.Final.jar:/Users/owldeveloper/.m2/repository/io/netty/netty-handler/4.1.23.Final/netty-handler-4.1.23.Final.jar:/Users/owldeveloper/.m2/repository/io/netty/netty-buffer/4.1.23.Final/netty-buffer-4.1.23.Final.jar:/Users/owldeveloper/.m2/repository/io/netty/netty-common/4.1.23.Final/netty-common-4.1.23.Final.jar:/Users/owldeveloper/.m2/repository/io/netty/netty-transport/4.1.23.Final/netty-transport-4.1.23.Final.jar:/Users/owldeveloper/.m2/repository/io/netty/netty-resolver/4.1.23.Final/netty-resolver-4.1.23.Final.jar:/Users/owldeveloper/.m2/repository/org/springframework/boot/spring-boot-starter-web/2.0.1.RELEASE/spring-boot-starter-web-2.0.1.RELEASE.jar:/Users/owldeveloper/.m2/repository/org/springframework/boot/spring-boot-starter/2.0.1.RELEASE/spring-boot-starter-2.0.1.RELEASE.jar:/Users/owldeveloper/.m2/repository/org/springframework/boot/spring-boot/2.0.1.RELEASE/spring-boot-2.0.1.RELEASE.jar:/Users/owldeveloper/.m2/repository/org/springframework/boot/spring-boot-autoconfigure/2.0.1.RELEASE/spring-boot-autoconfigure-2.0.1.RELEASE.jar:/Users/owldeveloper/.m2/repository/org/springframework/boot/spring-boot-starter-logging/2.0.1.RELEASE/spring-boot-starter-logging-2.0.1.RELEASE.jar:/Users/owldeveloper/.m2/repository/ch/qos/logback/logback-classic/1.2.3/logback-classic-1.2.3.jar:/Users/owldeveloper/.m2/repository/ch/qos/logback/logback-core/1.2.3/logback-core-1.2.3.jar:/Users/owldeveloper/.m2/repository/org/apache/logging/log4j/log4j-to-slf4j/2.10.0/log4j-to-slf4j-2.10.0.jar:/Users/owldeveloper/.m2/repository/org/apache/logging/log4j/log4j-api/2.10.0/log4j-api-2.10.0.jar:/Users/owldeveloper/.m2/repository/org/slf4j/jul-to-slf4j/1.7.25/jul-to-slf4j-1.7.25.jar:/Users/owldeveloper/.m2/repository/javax/annotation/javax.annotation-api/1.3.2/javax.annotation-api-1.3.2.jar:/Users/owldeveloper/.m2/repository/org/yaml/snakeyaml/1.19/snakeyaml-1.19.jar:/Users/owldeveloper/.m2/repository/org/springframework/boot/spring-boot-starter-json/2.0.1.RELEASE/spring-boot-starter-json-2.0.1.RELEASE.jar:/Users/owldeveloper/.m2/repository/com/fasterxml/jackson/datatype/jackson-datatype-jdk8/2.9.5/jackson-datatype-jdk8-2.9.5.jar:/Users/owldeveloper/.m2/repository/com/fasterxml/jackson/datatype/jackson-datatype-jsr310/2.9.5/jackson-datatype-jsr310-2.9.5.jar:/Users/owldeveloper/.m2/repository/com/fasterxml/jackson/module/jackson-module-parameter-names/2.9.5/jackson-module-parameter-names-2.9.5.jar:/Users/owldeveloper/.m2/repository/org/springframework/boot/spring-boot-starter-tomcat/2.0.1.RELEASE/spring-boot-starter-tomcat-2.0.1.RELEASE.jar:/Users/owldeveloper/.m2/repository/org/apache/tomcat/embed/tomcat-embed-core/8.5.29/tomcat-embed-core-8.5.29.jar:/Users/owldeveloper/.m2/repository/org/apache/tomcat/embed/tomcat-embed-el/8.5.29/tomcat-embed-el-8.5.29.jar:/Users/owldeveloper/.m2/repository/org/apache/tomcat/embed/tomcat-embed-websocket/8.5.29/tomcat-embed-websocket-8.5.29.jar:/Users/owldeveloper/.m2/repository/org/hibernate/validator/hibernate-validator/6.0.9.Final/hibernate-validator-6.0.9.Final.jar:/Users/owldeveloper/.m2/repository/javax/validation/validation-api/2.0.1.Final/validation-api-2.0.1.Final.jar:/Users/owldeveloper/.m2/repository/com/fasterxml/classmate/1.3.4/classmate-1.3.4.jar:/Users/owldeveloper/.m2/repository/org/springframework/spring-web/5.0.5.RELEASE/spring-web-5.0.5.RELEASE.jar:/Users/owldeveloper/.m2/repository/org/springframework/spring-beans/5.0.5.RELEASE/spring-beans-5.0.5.RELEASE.jar:/Users/owldeveloper/.m2/repository/org/springframework/spring-webmvc/5.0.5.RELEASE/spring-webmvc-5.0.5.RELEASE.jar:/Users/owldeveloper/.m2/repository/org/springframework/spring-aop/5.0.5.RELEASE/spring-aop-5.0.5.RELEASE.jar:/Users/owldeveloper/.m2/repository/org/springframework/spring-expression/5.0.5.RELEASE/spring-expression-5.0.5.RELEASE.jar:/Users/owldeveloper/.m2/repository/org/springframework/boot/spring-boot-starter-thymeleaf/2.0.1.RELEASE/spring-boot-starter-thymeleaf-2.0.1.RELEASE.jar:/Users/owldeveloper/.m2/repository/org/thymeleaf/thymeleaf-spring5/3.0.9.RELEASE/thymeleaf-spring5-3.0.9.RELEASE.jar:/Users/owldeveloper/.m2/repository/org/thymeleaf/thymeleaf/3.0.9.RELEASE/thymeleaf-3.0.9.RELEASE.jar:/Users/owldeveloper/.m2/repository/org/attoparser/attoparser/2.0.4.RELEASE/attoparser-2.0.4.RELEASE.jar:/Users/owldeveloper/.m2/repository/org/unbescape/unbescape/1.1.5.RELEASE/unbescape-1.1.5.RELEASE.jar:/Users/owldeveloper/.m2/repository/org/thymeleaf/extras/thymeleaf-extras-java8time/3.0.1.RELEASE/thymeleaf-extras-java8time-3.0.1.RELEASE.jar:/Users/owldeveloper/.m2/repository/org/projectlombok/lombok/1.16.20/lombok-1.16.20.jar:/Users/owldeveloper/.m2/repository/com/cloudinary/cloudinary-http44/1.17.0/cloudinary-http44-1.17.0.jar:/Users/owldeveloper/.m2/repository/com/cloudinary/cloudinary-core/1.17.0/cloudinary-core-1.17.0.jar:/Users/owldeveloper/.m2/repository/org/apache/commons/commons-lang3/3.7/commons-lang3-3.7.jar:/Users/owldeveloper/.m2/repository/org/apache/httpcomponents/httpclient/4.5.5/httpclient-4.5.5.jar:/Users/owldeveloper/.m2/repository/org/apache/httpcomponents/httpcore/4.4.9/httpcore-4.4.9.jar:/Users/owldeveloper/.m2/repository/org/apache/httpcomponents/httpmime/4.5.5/httpmime-4.5.5.jar:/Users/owldeveloper/.m2/repository/org/springframework/boot/spring-boot-starter-test/2.0.1.RELEASE/spring-boot-starter-test-2.0.1.RELEASE.jar:/Users/owldeveloper/.m2/repository/org/springframework/boot/spring-boot-test/2.0.1.RELEASE/spring-boot-test-2.0.1.RELEASE.jar:/Users/owldeveloper/.m2/repository/org/springframework/boot/spring-boot-test-autoconfigure/2.0.1.RELEASE/spring-boot-test-autoconfigure-2.0.1.RELEASE.jar:/Users/owldeveloper/.m2/repository/com/jayway/jsonpath/json-path/2.4.0/json-path-2.4.0.jar:/Users/owldeveloper/.m2/repository/net/minidev/json-smart/2.3/json-smart-2.3.jar:/Users/owldeveloper/.m2/repository/net/minidev/accessors-smart/1.2/accessors-smart-1.2.jar:/Users/owldeveloper/.m2/repository/org/ow2/asm/asm/5.0.4/asm-5.0.4.jar:/Users/owldeveloper/.m2/repository/junit/junit/4.12/junit-4.12.jar:/Users/owldeveloper/.m2/repository/org/assertj/assertj-core/3.9.1/assertj-core-3.9.1.jar:/Users/owldeveloper/.m2/repository/org/mockito/mockito-core/2.15.0/mockito-core-2.15.0.jar:/Users/owldeveloper/.m2/repository/net/bytebuddy/byte-buddy/1.7.11/byte-buddy-1.7.11.jar:/Users/owldeveloper/.m2/repository/net/bytebuddy/byte-buddy-agent/1.7.11/byte-buddy-agent-1.7.11.jar:/Users/owldeveloper/.m2/repository/org/objenesis/objenesis/2.6/objenesis-2.6.jar:/Users/owldeveloper/.m2/repository/org/hamcrest/hamcrest-core/1.3/hamcrest-core-1.3.jar:/Users/owldeveloper/.m2/repository/org/hamcrest/hamcrest-library/1.3/hamcrest-library-1.3.jar:/Users/owldeveloper/.m2/repository/org/skyscreamer/jsonassert/1.5.0/jsonassert-1.5.0.jar:/Users/owldeveloper/.m2/repository/com/vaadin/external/google/android-json/0.0.20131108.vaadin1/android-json-0.0.20131108.vaadin1.jar:/Users/owldeveloper/.m2/repository/org/springframework/spring-core/5.0.5.RELEASE/spring-core-5.0.5.RELEASE.jar:/Users/owldeveloper/.m2/repository/org/springframework/spring-jcl/5.0.5.RELEASE/spring-jcl-5.0.5.RELEASE.jar:/Users/owldeveloper/.m2/repository/org/springframework/spring-test/5.0.5.RELEASE/spring-test-5.0.5.RELEASE.jar:/Users/owldeveloper/.m2/repository/org/xmlunit/xmlunit-core/2.5.1/xmlunit-core-2.5.1.jar:/Users/owldeveloper/.m2/repository/org/jboss/resteasy/resteasy-client/3.6.2.Final/resteasy-client-3.6.2.Final.jar:/Users/owldeveloper/.m2/repository/org/jboss/spec/javax/ws/rs/jboss-jaxrs-api_2.1_spec/1.0.2.Final/jboss-jaxrs-api_2.1_spec-1.0.2.Final.jar:/Users/owldeveloper/.m2/repository/org/jboss/resteasy/resteasy-jaxrs/3.6.2.Final/resteasy-jaxrs-3.6.2.Final.jar:/Users/owldeveloper/.m2/repository/org/jboss/spec/javax/xml/bind/jboss-jaxb-api_2.3_spec/1.0.0.Final/jboss-jaxb-api_2.3_spec-1.0.0.Final.jar:/Users/owldeveloper/.m2/repository/org/reactivestreams/reactive-streams/1.0.2/reactive-streams-1.0.2.jar:/Users/owldeveloper/.m2/repository/org/jboss/spec/javax/annotation/jboss-annotations-api_1.2_spec/1.0.0.Final/jboss-annotations-api_1.2_spec-1.0.0.Final.jar:/Users/owldeveloper/.m2/repository/javax/activation/activation/1.1.1/activation-1.1.1.jar:/Users/owldeveloper/.m2/repository/commons-io/commons-io/2.5/commons-io-2.5.jar:/Users/owldeveloper/.m2/repository/net/jcip/jcip-annotations/1.0/jcip-annotations-1.0.jar:/Users/owldeveloper/.m2/repository/org/jboss/logging/jboss-logging/3.3.2.Final/jboss-logging-3.3.2.Final.jar:/Users/owldeveloper/.m2/repository/org/jboss/resteasy/resteasy-jackson2-provider/3.1.0.Final/resteasy-jackson2-provider-3.1.0.Final.jar:/Users/owldeveloper/.m2/repository/com/fasterxml/jackson/core/jackson-core/2.9.5/jackson-core-2.9.5.jar:/Users/owldeveloper/.m2/repository/com/fasterxml/jackson/core/jackson-databind/2.9.5/jackson-databind-2.9.5.jar:/Users/owldeveloper/.m2/repository/com/fasterxml/jackson/core/jackson-annotations/2.9.0/jackson-annotations-2.9.0.jar:/Users/owldeveloper/.m2/repository/com/fasterxml/jackson/jaxrs/jackson-jaxrs-json-provider/2.9.5/jackson-jaxrs-json-provider-2.9.5.jar:/Users/owldeveloper/.m2/repository/com/fasterxml/jackson/jaxrs/jackson-jaxrs-base/2.9.5/jackson-jaxrs-base-2.9.5.jar:/Users/owldeveloper/.m2/repository/com/fasterxml/jackson/module/jackson-module-jaxb-annotations/2.9.5/jackson-module-jaxb-annotations-2.9.5.jar:/Users/owldeveloper/.m2/repository/com/google/code/gson/gson/2.8.6/gson-2.8.6.jar:/Users/owldeveloper/.m2/repository/org/springframework/boot/spring-boot-starter-data-mongodb/2.0.1.RELEASE/spring-boot-starter-data-mongodb-2.0.1.RELEASE.jar:/Users/owldeveloper/.m2/repository/org/mongodb/mongodb-driver/3.6.3/mongodb-driver-3.6.3.jar:/Users/owldeveloper/.m2/repository/org/mongodb/bson/3.6.3/bson-3.6.3.jar:/Users/owldeveloper/.m2/repository/org/mongodb/mongodb-driver-core/3.6.3/mongodb-driver-core-3.6.3.jar:/Users/owldeveloper/.m2/repository/org/springframework/data/spring-data-mongodb/2.0.6.RELEASE/spring-data-mongodb-2.0.6.RELEASE.jar:/Users/owldeveloper/.m2/repository/org/springframework/spring-tx/5.0.5.RELEASE/spring-tx-5.0.5.RELEASE.jar:/Users/owldeveloper/.m2/repository/org/springframework/data/spring-data-commons/2.0.6.RELEASE/spring-data-commons-2.0.6.RELEASE.jar:/Users/owldeveloper/.m2/repository/org/springframework/boot/spring-boot-starter-mail/2.0.1.RELEASE/spring-boot-starter-mail-2.0.1.RELEASE.jar:/Users/owldeveloper/.m2/repository/org/springframework/spring-context/5.0.5.RELEASE/spring-context-5.0.5.RELEASE.jar:/Users/owldeveloper/.m2/repository/org/springframework/spring-context-support/5.0.5.RELEASE/spring-context-support-5.0.5.RELEASE.jar:/Users/owldeveloper/.m2/repository/com/sun/mail/javax.mail/1.6.1/javax.mail-1.6.1.jar:/Users/owldeveloper/.m2/repository/org/apache/poi/poi/4.1.0/poi-4.1.0.jar:/Users/owldeveloper/.m2/repository/commons-codec/commons-codec/1.11/commons-codec-1.11.jar:/Users/owldeveloper/.m2/repository/org/apache/commons/commons-collections4/4.3/commons-collections4-4.3.jar:/Users/owldeveloper/.m2/repository/org/apache/commons/commons-math3/3.6.1/commons-math3-3.6.1.jar:/Users/owldeveloper/.m2/repository/org/apache/poi/poi-scratchpad/4.1.0/poi-scratchpad-4.1.0.jar:/Users/owldeveloper/.m2/repository/me/pagar/pagarme-java/1.5.9/pagarme-java-1.5.9.jar:/Users/owldeveloper/.m2/repository/org/glassfish/jersey/core/jersey-client/2.26/jersey-client-2.26.jar:/Users/owldeveloper/.m2/repository/javax/ws/rs/javax.ws.rs-api/2.1/javax.ws.rs-api-2.1.jar:/Users/owldeveloper/.m2/repository/org/glassfish/jersey/core/jersey-common/2.26/jersey-common-2.26.jar:/Users/owldeveloper/.m2/repository/org/glassfish/hk2/osgi-resource-locator/1.0.1/osgi-resource-locator-1.0.1.jar:/Users/owldeveloper/.m2/repository/org/glassfish/hk2/external/javax.inject/2.5.0-b42/javax.inject-2.5.0-b42.jar:/Users/owldeveloper/.m2/repository/javax/ws/rs/jsr311-api/0.11/jsr311-api-0.11.jar:/Users/owldeveloper/.m2/repository/joda-time/joda-time/2.9.9/joda-time-2.9.9.jar:/Users/owldeveloper/.m2/repository/org/atteo/evo-inflector/1.2/evo-inflector-1.2.jar:/Users/owldeveloper/.m2/repository/org/bouncycastle/bcprov-jdk15on/1.59/bcprov-jdk15on-1.59.jar:, java.specification.name=Java Platform API Specification, java.class.version=52.0, sun.management.compiler=HotSpot 64-Bit Tiered Compilers, os.version=12.6, http.nonProxyHosts=local|*.local|169.254/16|*.169.254/16, user.home=/Users/owldeveloper, user.timezone=America/Sao_Paulo, java.awt.printerjob=sun.lwawt.macosx.CPrinterJob, file.encoding=UTF-8, java.specification.version=1.8, java.class.path=/Users/owldeveloper/Documents/_developer/owlapps/java/mercadocomerce-service-springboot/target/test-classes:/Users/owldeveloper/Documents/_developer/owlapps/java/mercadocomerce-service-springboot/target/classes:/Users/owldeveloper/.m2/repository/com/google/firebase/firebase-admin/6.3.0/firebase-admin-6.3.0.jar:/Users/owldeveloper/.m2/repository/com/google/api-client/google-api-client/1.23.0/google-api-client-1.23.0.jar:/Users/owldeveloper/.m2/repository/com/google/oauth-client/google-oauth-client/1.23.0/google-oauth-client-1.23.0.jar:/Users/owldeveloper/.m2/repository/com/google/http-client/google-http-client-jackson2/1.23.0/google-http-client-jackson2-1.23.0.jar:/Users/owldeveloper/.m2/repository/com/google/api-client/google-api-client-gson/1.23.0/google-api-client-gson-1.23.0.jar:/Users/owldeveloper/.m2/repository/com/google/http-client/google-http-client-gson/1.23.0/google-http-client-gson-1.23.0.jar:/Users/owldeveloper/.m2/repository/com/google/http-client/google-http-client/1.23.0/google-http-client-1.23.0.jar:/Users/owldeveloper/.m2/repository/com/google/code/findbugs/jsr305/1.3.9/jsr305-1.3.9.jar:/Users/owldeveloper/.m2/repository/com/google/api/api-common/1.2.0/api-common-1.2.0.jar:/Users/owldeveloper/.m2/repository/com/google/auth/google-auth-library-oauth2-http/0.8.0/google-auth-library-oauth2-http-0.8.0.jar:/Users/owldeveloper/.m2/repository/com/google/auth/google-auth-library-credentials/0.8.0/google-auth-library-credentials-0.8.0.jar:/Users/owldeveloper/.m2/repository/com/google/cloud/google-cloud-storage/1.27.0/google-cloud-storage-1.27.0.jar:/Users/owldeveloper/.m2/repository/com/google/cloud/google-cloud-core/1.27.0/google-cloud-core-1.27.0.jar:/Users/owldeveloper/.m2/repository/com/google/api/gax/1.23.0/gax-1.23.0.jar:/Users/owldeveloper/.m2/repository/com/google/protobuf/protobuf-java-util/3.5.1/protobuf-java-util-3.5.1.jar:/Users/owldeveloper/.m2/repository/com/google/api/grpc/proto-google-common-protos/1.9.0/proto-google-common-protos-1.9.0.jar:/Users/owldeveloper/.m2/repository/com/google/api/grpc/proto-google-iam-v1/0.10.0/proto-google-iam-v1-0.10.0.jar:/Users/owldeveloper/.m2/repository/com/google/cloud/google-cloud-core-http/1.27.0/google-cloud-core-http-1.27.0.jar:/Users/owldeveloper/.m2/repository/com/google/http-client/google-http-client-appengine/1.23.0/google-http-client-appengine-1.23.0.jar:/Users/owldeveloper/.m2/repository/com/google/http-client/google-http-client-jackson/1.23.0/google-http-client-jackson-1.23.0.jar:/Users/owldeveloper/.m2/repository/org/codehaus/jackson/jackson-core-asl/1.9.11/jackson-core-asl-1.9.11.jar:/Users/owldeveloper/.m2/repository/com/google/api/gax-httpjson/0.40.0/gax-httpjson-0.40.0.jar:/Users/owldeveloper/.m2/repository/io/opencensus/opencensus-api/0.11.1/opencensus-api-0.11.1.jar:/Users/owldeveloper/.m2/repository/com/google/errorprone/error_prone_annotations/2.2.0/error_prone_annotations-2.2.0.jar:/Users/owldeveloper/.m2/repository/io/opencensus/opencensus-contrib-http-util/0.11.1/opencensus-contrib-http-util-0.11.1.jar:/Users/owldeveloper/.m2/repository/com/google/apis/google-api-services-storage/v1-rev114-1.23.0/google-api-services-storage-v1-rev114-1.23.0.jar:/Users/owldeveloper/.m2/repository/com/google/cloud/google-cloud-firestore/0.45.0-beta/google-cloud-firestore-0.45.0-beta.jar:/Users/owldeveloper/.m2/repository/com/google/cloud/google-cloud-core-grpc/1.27.0/google-cloud-core-grpc-1.27.0.jar:/Users/owldeveloper/.m2/repository/com/google/protobuf/protobuf-java/3.5.1/protobuf-java-3.5.1.jar:/Users/owldeveloper/.m2/repository/io/grpc/grpc-protobuf/1.10.1/grpc-protobuf-1.10.1.jar:/Users/owldeveloper/.m2/repository/io/grpc/grpc-protobuf-lite/1.10.1/grpc-protobuf-lite-1.10.1.jar:/Users/owldeveloper/.m2/repository/io/grpc/grpc-context/1.10.1/grpc-context-1.10.1.jar:/Users/owldeveloper/.m2/repository/com/google/api/gax-grpc/1.23.0/gax-grpc-1.23.0.jar:/Users/owldeveloper/.m2/repository/org/threeten/threetenbp/1.3.3/threetenbp-1.3.3.jar:/Users/owldeveloper/.m2/repository/com/google/api/grpc/proto-google-cloud-firestore-v1beta1/0.10.0/proto-google-cloud-firestore-v1beta1-0.10.0.jar:/Users/owldeveloper/.m2/repository/com/google/auto/value/auto-value/1.4/auto-value-1.4.jar:/Users/owldeveloper/.m2/repository/io/grpc/grpc-netty-shaded/1.10.1/grpc-netty-shaded-1.10.1.jar:/Users/owldeveloper/.m2/repository/io/grpc/grpc-core/1.10.1/grpc-core-1.10.1.jar:/Users/owldeveloper/.m2/repository/io/opencensus/opencensus-contrib-grpc-metrics/0.11.0/opencensus-contrib-grpc-metrics-0.11.0.jar:/Users/owldeveloper/.m2/repository/io/grpc/grpc-stub/1.10.1/grpc-stub-1.10.1.jar:/Users/owldeveloper/.m2/repository/io/grpc/grpc-auth/1.10.1/grpc-auth-1.10.1.jar:/Users/owldeveloper/.m2/repository/com/google/guava/guava/20.0/guava-20.0.jar:/Users/owldeveloper/.m2/repository/org/json/json/20160810/json-20160810.jar:/Users/owldeveloper/.m2/repository/org/slf4j/slf4j-api/1.7.25/slf4j-api-1.7.25.jar:/Users/owldeveloper/.m2/repository/io/netty/netty-codec-http/4.1.23.Final/netty-codec-http-4.1.23.Final.jar:/Users/owldeveloper/.m2/repository/io/netty/netty-codec/4.1.23.Final/netty-codec-4.1.23.Final.jar:/Users/owldeveloper/.m2/repository/io/netty/netty-handler/4.1.23.Final/netty-handler-4.1.23.Final.jar:/Users/owldeveloper/.m2/repository/io/netty/netty-buffer/4.1.23.Final/netty-buffer-4.1.23.Final.jar:/Users/owldeveloper/.m2/repository/io/netty/netty-common/4.1.23.Final/netty-common-4.1.23.Final.jar:/Users/owldeveloper/.m2/repository/io/netty/netty-transport/4.1.23.Final/netty-transport-4.1.23.Final.jar:/Users/owldeveloper/.m2/repository/io/netty/netty-resolver/4.1.23.Final/netty-resolver-4.1.23.Final.jar:/Users/owldeveloper/.m2/repository/org/springframework/boot/spring-boot-starter-web/2.0.1.RELEASE/spring-boot-starter-web-2.0.1.RELEASE.jar:/Users/owldeveloper/.m2/repository/org/springframework/boot/spring-boot-starter/2.0.1.RELEASE/spring-boot-starter-2.0.1.RELEASE.jar:/Users/owldeveloper/.m2/repository/org/springframework/boot/spring-boot/2.0.1.RELEASE/spring-boot-2.0.1.RELEASE.jar:/Users/owldeveloper/.m2/repository/org/springframework/boot/spring-boot-autoconfigure/2.0.1.RELEASE/spring-boot-autoconfigure-2.0.1.RELEASE.jar:/Users/owldeveloper/.m2/repository/org/springframework/boot/spring-boot-starter-logging/2.0.1.RELEASE/spring-boot-starter-logging-2.0.1.RELEASE.jar:/Users/owldeveloper/.m2/repository/ch/qos/logback/logback-classic/1.2.3/logback-classic-1.2.3.jar:/Users/owldeveloper/.m2/repository/ch/qos/logback/logback-core/1.2.3/logback-core-1.2.3.jar:/Users/owldeveloper/.m2/repository/org/apache/logging/log4j/log4j-to-slf4j/2.10.0/log4j-to-slf4j-2.10.0.jar:/Users/owldeveloper/.m2/repository/org/apache/logging/log4j/log4j-api/2.10.0/log4j-api-2.10.0.jar:/Users/owldeveloper/.m2/repository/org/slf4j/jul-to-slf4j/1.7.25/jul-to-slf4j-1.7.25.jar:/Users/owldeveloper/.m2/repository/javax/annotation/javax.annotation-api/1.3.2/javax.annotation-api-1.3.2.jar:/Users/owldeveloper/.m2/repository/org/yaml/snakeyaml/1.19/snakeyaml-1.19.jar:/Users/owldeveloper/.m2/repository/org/springframework/boot/spring-boot-starter-json/2.0.1.RELEASE/spring-boot-starter-json-2.0.1.RELEASE.jar:/Users/owldeveloper/.m2/repository/com/fasterxml/jackson/datatype/jackson-datatype-jdk8/2.9.5/jackson-datatype-jdk8-2.9.5.jar:/Users/owldeveloper/.m2/repository/com/fasterxml/jackson/datatype/jackson-datatype-jsr310/2.9.5/jackson-datatype-jsr310-2.9.5.jar:/Users/owldeveloper/.m2/repository/com/fasterxml/jackson/module/jackson-module-parameter-names/2.9.5/jackson-module-parameter-names-2.9.5.jar:/Users/owldeveloper/.m2/repository/org/springframework/boot/spring-boot-starter-tomcat/2.0.1.RELEASE/spring-boot-starter-tomcat-2.0.1.RELEASE.jar:/Users/owldeveloper/.m2/repository/org/apache/tomcat/embed/tomcat-embed-core/8.5.29/tomcat-embed-core-8.5.29.jar:/Users/owldeveloper/.m2/repository/org/apache/tomcat/embed/tomcat-embed-el/8.5.29/tomcat-embed-el-8.5.29.jar:/Users/owldeveloper/.m2/repository/org/apache/tomcat/embed/tomcat-embed-websocket/8.5.29/tomcat-embed-websocket-8.5.29.jar:/Users/owldeveloper/.m2/repository/org/hibernate/validator/hibernate-validator/6.0.9.Final/hibernate-validator-6.0.9.Final.jar:/Users/owldeveloper/.m2/repository/javax/validation/validation-api/2.0.1.Final/validation-api-2.0.1.Final.jar:/Users/owldeveloper/.m2/repository/com/fasterxml/classmate/1.3.4/classmate-1.3.4.jar:/Users/owldeveloper/.m2/repository/org/springframework/spring-web/5.0.5.RELEASE/spring-web-5.0.5.RELEASE.jar:/Users/owldeveloper/.m2/repository/org/springframework/spring-beans/5.0.5.RELEASE/spring-beans-5.0.5.RELEASE.jar:/Users/owldeveloper/.m2/repository/org/springframework/spring-webmvc/5.0.5.RELEASE/spring-webmvc-5.0.5.RELEASE.jar:/Users/owldeveloper/.m2/repository/org/springframework/spring-aop/5.0.5.RELEASE/spring-aop-5.0.5.RELEASE.jar:/Users/owldeveloper/.m2/repository/org/springframework/spring-expression/5.0.5.RELEASE/spring-expression-5.0.5.RELEASE.jar:/Users/owldeveloper/.m2/repository/org/springframework/boot/spring-boot-starter-thymeleaf/2.0.1.RELEASE/spring-boot-starter-thymeleaf-2.0.1.RELEASE.jar:/Users/owldeveloper/.m2/repository/org/thymeleaf/thymeleaf-spring5/3.0.9.RELEASE/thymeleaf-spring5-3.0.9.RELEASE.jar:/Users/owldeveloper/.m2/repository/org/thymeleaf/thymeleaf/3.0.9.RELEASE/thymeleaf-3.0.9.RELEASE.jar:/Users/owldeveloper/.m2/repository/org/attoparser/attoparser/2.0.4.RELEASE/attoparser-2.0.4.RELEASE.jar:/Users/owldeveloper/.m2/repository/org/unbescape/unbescape/1.1.5.RELEASE/unbescape-1.1.5.RELEASE.jar:/Users/owldeveloper/.m2/repository/org/thymeleaf/extras/thymeleaf-extras-java8time/3.0.1.RELEASE/thymeleaf-extras-java8time-3.0.1.RELEASE.jar:/Users/owldeveloper/.m2/repository/org/projectlombok/lombok/1.16.20/lombok-1.16.20.jar:/Users/owldeveloper/.m2/repository/com/cloudinary/cloudinary-http44/1.17.0/cloudinary-http44-1.17.0.jar:/Users/owldeveloper/.m2/repository/com/cloudinary/cloudinary-core/1.17.0/cloudinary-core-1.17.0.jar:/Users/owldeveloper/.m2/repository/org/apache/commons/commons-lang3/3.7/commons-lang3-3.7.jar:/Users/owldeveloper/.m2/repository/org/apache/httpcomponents/httpclient/4.5.5/httpclient-4.5.5.jar:/Users/owldeveloper/.m2/repository/org/apache/httpcomponents/httpcore/4.4.9/httpcore-4.4.9.jar:/Users/owldeveloper/.m2/repository/org/apache/httpcomponents/httpmime/4.5.5/httpmime-4.5.5.jar:/Users/owldeveloper/.m2/repository/org/springframework/boot/spring-boot-starter-test/2.0.1.RELEASE/spring-boot-starter-test-2.0.1.RELEASE.jar:/Users/owldeveloper/.m2/repository/org/springframework/boot/spring-boot-test/2.0.1.RELEASE/spring-boot-test-2.0.1.RELEASE.jar:/Users/owldeveloper/.m2/repository/org/springframework/boot/spring-boot-test-autoconfigure/2.0.1.RELEASE/spring-boot-test-autoconfigure-2.0.1.RELEASE.jar:/Users/owldeveloper/.m2/repository/com/jayway/jsonpath/json-path/2.4.0/json-path-2.4.0.jar:/Users/owldeveloper/.m2/repository/net/minidev/json-smart/2.3/json-smart-2.3.jar:/Users/owldeveloper/.m2/repository/net/minidev/accessors-smart/1.2/accessors-smart-1.2.jar:/Users/owldeveloper/.m2/repository/org/ow2/asm/asm/5.0.4/asm-5.0.4.jar:/Users/owldeveloper/.m2/repository/junit/junit/4.12/junit-4.12.jar:/Users/owldeveloper/.m2/repository/org/assertj/assertj-core/3.9.1/assertj-core-3.9.1.jar:/Users/owldeveloper/.m2/repository/org/mockito/mockito-core/2.15.0/mockito-core-2.15.0.jar:/Users/owldeveloper/.m2/repository/net/bytebuddy/byte-buddy/1.7.11/byte-buddy-1.7.11.jar:/Users/owldeveloper/.m2/repository/net/bytebuddy/byte-buddy-agent/1.7.11/byte-buddy-agent-1.7.11.jar:/Users/owldeveloper/.m2/repository/org/objenesis/objenesis/2.6/objenesis-2.6.jar:/Users/owldeveloper/.m2/repository/org/hamcrest/hamcrest-core/1.3/hamcrest-core-1.3.jar:/Users/owldeveloper/.m2/repository/org/hamcrest/hamcrest-library/1.3/hamcrest-library-1.3.jar:/Users/owldeveloper/.m2/repository/org/skyscreamer/jsonassert/1.5.0/jsonassert-1.5.0.jar:/Users/owldeveloper/.m2/repository/com/vaadin/external/google/android-json/0.0.20131108.vaadin1/android-json-0.0.20131108.vaadin1.jar:/Users/owldeveloper/.m2/repository/org/springframework/spring-core/5.0.5.RELEASE/spring-core-5.0.5.RELEASE.jar:/Users/owldeveloper/.m2/repository/org/springframework/spring-jcl/5.0.5.RELEASE/spring-jcl-5.0.5.RELEASE.jar:/Users/owldeveloper/.m2/repository/org/springframework/spring-test/5.0.5.RELEASE/spring-test-5.0.5.RELEASE.jar:/Users/owldeveloper/.m2/repository/org/xmlunit/xmlunit-core/2.5.1/xmlunit-core-2.5.1.jar:/Users/owldeveloper/.m2/repository/org/jboss/resteasy/resteasy-client/3.6.2.Final/resteasy-client-3.6.2.Final.jar:/Users/owldeveloper/.m2/repository/org/jboss/spec/javax/ws/rs/jboss-jaxrs-api_2.1_spec/1.0.2.Final/jboss-jaxrs-api_2.1_spec-1.0.2.Final.jar:/Users/owldeveloper/.m2/repository/org/jboss/resteasy/resteasy-jaxrs/3.6.2.Final/resteasy-jaxrs-3.6.2.Final.jar:/Users/owldeveloper/.m2/repository/org/jboss/spec/javax/xml/bind/jboss-jaxb-api_2.3_spec/1.0.0.Final/jboss-jaxb-api_2.3_spec-1.0.0.Final.jar:/Users/owldeveloper/.m2/repository/org/reactivestreams/reactive-streams/1.0.2/reactive-streams-1.0.2.jar:/Users/owldeveloper/.m2/repository/org/jboss/spec/javax/annotation/jboss-annotations-api_1.2_spec/1.0.0.Final/jboss-annotations-api_1.2_spec-1.0.0.Final.jar:/Users/owldeveloper/.m2/repository/javax/activation/activation/1.1.1/activation-1.1.1.jar:/Users/owldeveloper/.m2/repository/commons-io/commons-io/2.5/commons-io-2.5.jar:/Users/owldeveloper/.m2/repository/net/jcip/jcip-annotations/1.0/jcip-annotations-1.0.jar:/Users/owldeveloper/.m2/repository/org/jboss/logging/jboss-logging/3.3.2.Final/jboss-logging-3.3.2.Final.jar:/Users/owldeveloper/.m2/repository/org/jboss/resteasy/resteasy-jackson2-provider/3.1.0.Final/resteasy-jackson2-provider-3.1.0.Final.jar:/Users/owldeveloper/.m2/repository/com/fasterxml/jackson/core/jackson-core/2.9.5/jackson-core-2.9.5.jar:/Users/owldeveloper/.m2/repository/com/fasterxml/jackson/core/jackson-databind/2.9.5/jackson-databind-2.9.5.jar:/Users/owldeveloper/.m2/repository/com/fasterxml/jackson/core/jackson-annotations/2.9.0/jackson-annotations-2.9.0.jar:/Users/owldeveloper/.m2/repository/com/fasterxml/jackson/jaxrs/jackson-jaxrs-json-provider/2.9.5/jackson-jaxrs-json-provider-2.9.5.jar:/Users/owldeveloper/.m2/repository/com/fasterxml/jackson/jaxrs/jackson-jaxrs-base/2.9.5/jackson-jaxrs-base-2.9.5.jar:/Users/owldeveloper/.m2/repository/com/fasterxml/jackson/module/jackson-module-jaxb-annotations/2.9.5/jackson-module-jaxb-annotations-2.9.5.jar:/Users/owldeveloper/.m2/repository/com/google/code/gson/gson/2.8.6/gson-2.8.6.jar:/Users/owldeveloper/.m2/repository/org/springframework/boot/spring-boot-starter-data-mongodb/2.0.1.RELEASE/spring-boot-starter-data-mongodb-2.0.1.RELEASE.jar:/Users/owldeveloper/.m2/repository/org/mongodb/mongodb-driver/3.6.3/mongodb-driver-3.6.3.jar:/Users/owldeveloper/.m2/repository/org/mongodb/bson/3.6.3/bson-3.6.3.jar:/Users/owldeveloper/.m2/repository/org/mongodb/mongodb-driver-core/3.6.3/mongodb-driver-core-3.6.3.jar:/Users/owldeveloper/.m2/repository/org/springframework/data/spring-data-mongodb/2.0.6.RELEASE/spring-data-mongodb-2.0.6.RELEASE.jar:/Users/owldeveloper/.m2/repository/org/springframework/spring-tx/5.0.5.RELEASE/spring-tx-5.0.5.RELEASE.jar:/Users/owldeveloper/.m2/repository/org/springframework/data/spring-data-commons/2.0.6.RELEASE/spring-data-commons-2.0.6.RELEASE.jar:/Users/owldeveloper/.m2/repository/org/springframework/boot/spring-boot-starter-mail/2.0.1.RELEASE/spring-boot-starter-mail-2.0.1.RELEASE.jar:/Users/owldeveloper/.m2/repository/org/springframework/spring-context/5.0.5.RELEASE/spring-context-5.0.5.RELEASE.jar:/Users/owldeveloper/.m2/repository/org/springframework/spring-context-support/5.0.5.RELEASE/spring-context-support-5.0.5.RELEASE.jar:/Users/owldeveloper/.m2/repository/com/sun/mail/javax.mail/1.6.1/javax.mail-1.6.1.jar:/Users/owldeveloper/.m2/repository/org/apache/poi/poi/4.1.0/poi-4.1.0.jar:/Users/owldeveloper/.m2/repository/commons-codec/commons-codec/1.11/commons-codec-1.11.jar:/Users/owldeveloper/.m2/repository/org/apache/commons/commons-collections4/4.3/commons-collections4-4.3.jar:/Users/owldeveloper/.m2/repository/org/apache/commons/commons-math3/3.6.1/commons-math3-3.6.1.jar:/Users/owldeveloper/.m2/repository/org/apache/poi/poi-scratchpad/4.1.0/poi-scratchpad-4.1.0.jar:/Users/owldeveloper/.m2/repository/me/pagar/pagarme-java/1.5.9/pagarme-java-1.5.9.jar:/Users/owldeveloper/.m2/repository/org/glassfish/jersey/core/jersey-client/2.26/jersey-client-2.26.jar:/Users/owldeveloper/.m2/repository/javax/ws/rs/javax.ws.rs-api/2.1/javax.ws.rs-api-2.1.jar:/Users/owldeveloper/.m2/repository/org/glassfish/jersey/core/jersey-common/2.26/jersey-common-2.26.jar:/Users/owldeveloper/.m2/repository/org/glassfish/hk2/osgi-resource-locator/1.0.1/osgi-resource-locator-1.0.1.jar:/Users/owldeveloper/.m2/repository/org/glassfish/hk2/external/javax.inject/2.5.0-b42/javax.inject-2.5.0-b42.jar:/Users/owldeveloper/.m2/repository/javax/ws/rs/jsr311-api/0.11/jsr311-api-0.11.jar:/Users/owldeveloper/.m2/repository/joda-time/joda-time/2.9.9/joda-time-2.9.9.jar:/Users/owldeveloper/.m2/repository/org/atteo/evo-inflector/1.2/evo-inflector-1.2.jar:/Users/owldeveloper/.m2/repository/org/bouncycastle/bcprov-jdk15on/1.59/bcprov-jdk15on-1.59.jar:, user.name=owldeveloper, java.vm.specification.version=1.8, sun.java.command=/Users/owldeveloper/Documents/_developer/owlapps/java/mercadocomerce-service-springboot/target/surefire/surefirebooter8154302070523503643.jar /Users/owldeveloper/Documents/_developer/owlapps/java/mercadocomerce-service-springboot/target/surefire 2023-01-27T13-41-44_398-jvmRun1 surefire1998632031600960566tmp surefire_06445896489697370940tmp, java.home=/Library/Java/JavaVirtualMachines/jdk1.8.0_321.jdk/Contents/Home/jre, sun.arch.data.model=64, user.language=pt, java.specification.vendor=Oracle Corporation, awt.toolkit=sun.lwawt.macosx.LWCToolkit, java.vm.info=mixed mode, java.version=1.8.0_321, java.ext.dirs=/Users/owldeveloper/Library/Java/Extensions:/Library/Java/JavaVirtualMachines/jdk1.8.0_321.jdk/Contents/Home/jre/lib/ext:/Library/Java/Extensions:/Network/Library/Java/Extensions:/System/Library/Java/Extensions:/usr/lib/java, sun.boot.class.path=/Library/Java/JavaVirtualMachines/jdk1.8.0_321.jdk/Contents/Home/jre/lib/resources.jar:/Library/Java/JavaVirtualMachines/jdk1.8.0_321.jdk/Contents/Home/jre/lib/rt.jar:/Library/Java/JavaVirtualMachines/jdk1.8.0_321.jdk/Contents/Home/jre/lib/sunrsasign.jar:/Library/Java/JavaVirtualMachines/jdk1.8.0_321.jdk/Contents/Home/jre/lib/jsse.jar:/Library/Java/JavaVirtualMachines/jdk1.8.0_321.jdk/Contents/Home/jre/lib/jce.jar:/Library/Java/JavaVirtualMachines/jdk1.8.0_321.jdk/Contents/Home/jre/lib/charsets.jar:/Library/Java/JavaVirtualMachines/jdk1.8.0_321.jdk/Contents/Home/jre/lib/jfr.jar:/Library/Java/JavaVirtualMachines/jdk1.8.0_321.jdk/Contents/Home/jre/classes, java.vendor=Oracle Corporation, localRepository=/Users/owldeveloper/.m2/repository, file.separator=/, java.vendor.url.bug=http://bugreport.sun.com/bugreport/, sun.io.unicode.encoding=UnicodeBig, sun.cpu.endian=little, socksNonProxyHosts=local|*.local|169.254/16|*.169.254/16, ftp.nonProxyHosts=local|*.local|169.254/16|*.169.254/16, sun.cpu.isalist=}}, SystemEnvironmentPropertySource@306206744 {name='systemEnvironment', properties={PATH=/Users/owldeveloper/Documents/_developer/ide/maven/apache-maven-3.8.7/bin:/opt/local/bin:/opt/local/sbin:/usr/local/bin:/usr/bin:/bin:/usr/sbin:/sbin:/opt/X11/bin:/Library/Apple/usr/bin, JAVA_HOME=/Library/Java/JavaVirtualMachines/jdk1.8.0_321.jdk/Contents/Home, TERM=xterm-256color, LANG=pt_BR.UTF-8, DISPLAY=/private/tmp/com.apple.launchd.rXbOTQAEiz/org.xquartz:0, LOGNAME=owldeveloper, XPC_SERVICE_NAME=0, PWD=/Users/owldeveloper/Documents/_developer/owlapps/java/mercadocomerce-service-springboot, TERM_PROGRAM_VERSION=445, MAVEN_CMD_LINE_ARGS= package, _=/Library/Java/JavaVirtualMachines/jdk1.8.0_321.jdk/Contents/Home/jre/bin/java, __CFBundleIdentifier=com.apple.Terminal, SHELL=/bin/bash, TERM_PROGRAM=Apple_Terminal, MAVEN_PROJECTBASEDIR=/Users/owldeveloper/Documents/_developer/owlapps/java/mercadocomerce-service-springboot, OLDPWD=/Users/owldeveloper/Documents/_developer/owlapps/java/mercadocomerce-service-springboot, USER=owldeveloper, TMPDIR=/var/folders/dk/y8l9453n75q_vj3k9zrvxm8m0000gn/T/, SSH_AUTH_SOCK=/private/tmp/com.apple.launchd.l6Ed2zB6lc/Listeners, XPC_FLAGS=0x0, TERM_SESSION_ID=B0F93EED-E2EA-41BE-BBC0-BEA2D550DFA7, M2_HOME=/Users/owldeveloper/Documents/_developer/ide/maven/apache-maven-3.8.7, __CF_USER_TEXT_ENCODING=0x1F5:0x0:0x47, JAVA_MAIN_CLASS_90098=org.codehaus.plexus.classworlds.launcher.Launcher, HOME=/Users/owldeveloper, SHLVL=2, JAVA_MAIN_CLASS_90137=org.apache.maven.surefire.booter.ForkedBooter}}]
13:41:46.596 [main] DEBUG org.springframework.core.io.support.PathMatchingResourcePatternResolver - Resolved classpath location [com/cloudinary/upload/] to resources [URL [file:/Users/owldeveloper/Documents/_developer/owlapps/java/mercadocomerce-service-springboot/target/test-classes/com/cloudinary/upload/]]
13:41:46.597 [main] DEBUG org.springframework.core.io.support.PathMatchingResourcePatternResolver - Looking for matching resources in directory tree [/Users/owldeveloper/Documents/_developer/owlapps/java/mercadocomerce-service-springboot/target/test-classes/com/cloudinary/upload]
13:41:46.598 [main] DEBUG org.springframework.core.io.support.PathMatchingResourcePatternResolver - Searching directory [/Users/owldeveloper/Documents/_developer/owlapps/java/mercadocomerce-service-springboot/target/test-classes/com/cloudinary/upload] for files matching pattern [/Users/owldeveloper/Documents/_developer/owlapps/java/mercadocomerce-service-springboot/target/test-classes/com/cloudinary/upload/*.class]
13:41:46.603 [main] DEBUG org.springframework.core.io.support.PathMatchingResourcePatternResolver - Resolved location pattern [classpath*:com/cloudinary/upload/*.class] to resources [file [/Users/owldeveloper/Documents/_developer/owlapps/java/mercadocomerce-service-springboot/target/test-classes/com/cloudinary/upload/UploadApplicationTests.class]]
13:41:46.630 [main] DEBUG org.springframework.core.io.support.PathMatchingResourcePatternResolver - Resolved classpath location [com/cloudinary/] to resources [URL [file:/Users/owldeveloper/Documents/_developer/owlapps/java/mercadocomerce-service-springboot/target/test-classes/com/cloudinary/], URL [jar:file:/Users/owldeveloper/.m2/repository/com/cloudinary/cloudinary-http44/1.17.0/cloudinary-http44-1.17.0.jar!/com/cloudinary/], URL [jar:file:/Users/owldeveloper/.m2/repository/com/cloudinary/cloudinary-core/1.17.0/cloudinary-core-1.17.0.jar!/com/cloudinary/]]
13:41:46.630 [main] DEBUG org.springframework.core.io.support.PathMatchingResourcePatternResolver - Looking for matching resources in directory tree [/Users/owldeveloper/Documents/_developer/owlapps/java/mercadocomerce-service-springboot/target/test-classes/com/cloudinary]
13:41:46.630 [main] DEBUG org.springframework.core.io.support.PathMatchingResourcePatternResolver - Searching directory [/Users/owldeveloper/Documents/_developer/owlapps/java/mercadocomerce-service-springboot/target/test-classes/com/cloudinary] for files matching pattern [/Users/owldeveloper/Documents/_developer/owlapps/java/mercadocomerce-service-springboot/target/test-classes/com/cloudinary/*.class]
13:41:46.631 [main] DEBUG org.springframework.core.io.support.PathMatchingResourcePatternResolver - Looking for matching resources in jar file [file:/Users/owldeveloper/.m2/repository/com/cloudinary/cloudinary-http44/1.17.0/cloudinary-http44-1.17.0.jar]
13:41:46.631 [main] DEBUG org.springframework.core.io.support.PathMatchingResourcePatternResolver - Looking for matching resources in jar file [file:/Users/owldeveloper/.m2/repository/com/cloudinary/cloudinary-core/1.17.0/cloudinary-core-1.17.0.jar]
13:41:46.634 [main] DEBUG org.springframework.core.io.support.PathMatchingResourcePatternResolver - Resolved location pattern [classpath*:com/cloudinary/*.class] to resources [URL [jar:file:/Users/owldeveloper/.m2/repository/com/cloudinary/cloudinary-core/1.17.0/cloudinary-core-1.17.0.jar!/com/cloudinary/Api$HttpMethod.class], URL [jar:file:/Users/owldeveloper/.m2/repository/com/cloudinary/cloudinary-core/1.17.0/cloudinary-core-1.17.0.jar!/com/cloudinary/Api.class], URL [jar:file:/Users/owldeveloper/.m2/repository/com/cloudinary/cloudinary-core/1.17.0/cloudinary-core-1.17.0.jar!/com/cloudinary/ArchiveParams.class], URL [jar:file:/Users/owldeveloper/.m2/repository/com/cloudinary/cloudinary-core/1.17.0/cloudinary-core-1.17.0.jar!/com/cloudinary/AuthToken.class], URL [jar:file:/Users/owldeveloper/.m2/repository/com/cloudinary/cloudinary-core/1.17.0/cloudinary-core-1.17.0.jar!/com/cloudinary/Cloudinary.class], URL [jar:file:/Users/owldeveloper/.m2/repository/com/cloudinary/cloudinary-core/1.17.0/cloudinary-core-1.17.0.jar!/com/cloudinary/Configuration$1.class], URL [jar:file:/Users/owldeveloper/.m2/repository/com/cloudinary/cloudinary-core/1.17.0/cloudinary-core-1.17.0.jar!/com/cloudinary/Configuration$Builder.class], URL [jar:file:/Users/owldeveloper/.m2/repository/com/cloudinary/cloudinary-core/1.17.0/cloudinary-core-1.17.0.jar!/com/cloudinary/Configuration.class], URL [jar:file:/Users/owldeveloper/.m2/repository/com/cloudinary/cloudinary-core/1.17.0/cloudinary-core-1.17.0.jar!/com/cloudinary/Coordinates.class], URL [jar:file:/Users/owldeveloper/.m2/repository/com/cloudinary/cloudinary-core/1.17.0/cloudinary-core-1.17.0.jar!/com/cloudinary/EagerTransformation.class], URL [jar:file:/Users/owldeveloper/.m2/repository/com/cloudinary/cloudinary-core/1.17.0/cloudinary-core-1.17.0.jar!/com/cloudinary/ProgressCallback.class], URL [jar:file:/Users/owldeveloper/.m2/repository/com/cloudinary/cloudinary-core/1.17.0/cloudinary-core-1.17.0.jar!/com/cloudinary/ResponsiveBreakpoint.class], URL [jar:file:/Users/owldeveloper/.m2/repository/com/cloudinary/cloudinary-core/1.17.0/cloudinary-core-1.17.0.jar!/com/cloudinary/Search.class], URL [jar:file:/Users/owldeveloper/.m2/repository/com/cloudinary/cloudinary-core/1.17.0/cloudinary-core-1.17.0.jar!/com/cloudinary/SmartUrlEncoder.class], URL [jar:file:/Users/owldeveloper/.m2/repository/com/cloudinary/cloudinary-core/1.17.0/cloudinary-core-1.17.0.jar!/com/cloudinary/StoredFile.class], URL [jar:file:/Users/owldeveloper/.m2/repository/com/cloudinary/cloudinary-core/1.17.0/cloudinary-core-1.17.0.jar!/com/cloudinary/Transformation.class], URL [jar:file:/Users/owldeveloper/.m2/repository/com/cloudinary/cloudinary-core/1.17.0/cloudinary-core-1.17.0.jar!/com/cloudinary/Uploader$1.class], URL [jar:file:/Users/owldeveloper/.m2/repository/com/cloudinary/cloudinary-core/1.17.0/cloudinary-core-1.17.0.jar!/com/cloudinary/Uploader$Command.class], URL [jar:file:/Users/owldeveloper/.m2/repository/com/cloudinary/cloudinary-core/1.17.0/cloudinary-core-1.17.0.jar!/com/cloudinary/Uploader.class], URL [jar:file:/Users/owldeveloper/.m2/repository/com/cloudinary/cloudinary-core/1.17.0/cloudinary-core-1.17.0.jar!/com/cloudinary/Url.class], URL [jar:file:/Users/owldeveloper/.m2/repository/com/cloudinary/cloudinary-core/1.17.0/cloudinary-core-1.17.0.jar!/com/cloudinary/Util.class]]
13:41:46.653 [main] DEBUG org.springframework.core.io.support.PathMatchingResourcePatternResolver - Resolved classpath location [com/] to resources [URL [file:/Users/owldeveloper/Documents/_developer/owlapps/java/mercadocomerce-service-springboot/target/test-classes/com/], URL [file:/Users/owldeveloper/Documents/_developer/owlapps/java/mercadocomerce-service-springboot/target/classes/com/], URL [jar:file:/Users/owldeveloper/.m2/repository/com/google/firebase/firebase-admin/6.3.0/firebase-admin-6.3.0.jar!/com/], URL [jar:file:/Users/owldeveloper/.m2/repository/com/google/api-client/google-api-client/1.23.0/google-api-client-1.23.0.jar!/com/], URL [jar:file:/Users/owldeveloper/.m2/repository/com/google/oauth-client/google-oauth-client/1.23.0/google-oauth-client-1.23.0.jar!/com/], URL [jar:file:/Users/owldeveloper/.m2/repository/com/google/http-client/google-http-client-jackson2/1.23.0/google-http-client-jackson2-1.23.0.jar!/com/], URL [jar:file:/Users/owldeveloper/.m2/repository/com/google/api-client/google-api-client-gson/1.23.0/google-api-client-gson-1.23.0.jar!/com/], URL [jar:file:/Users/owldeveloper/.m2/repository/com/google/http-client/google-http-client-gson/1.23.0/google-http-client-gson-1.23.0.jar!/com/], URL [jar:file:/Users/owldeveloper/.m2/repository/com/google/http-client/google-http-client/1.23.0/google-http-client-1.23.0.jar!/com/], URL [jar:file:/Users/owldeveloper/.m2/repository/com/google/api/api-common/1.2.0/api-common-1.2.0.jar!/com/], URL [jar:file:/Users/owldeveloper/.m2/repository/com/google/auth/google-auth-library-oauth2-http/0.8.0/google-auth-library-oauth2-http-0.8.0.jar!/com/], URL [jar:file:/Users/owldeveloper/.m2/repository/com/google/auth/google-auth-library-credentials/0.8.0/google-auth-library-credentials-0.8.0.jar!/com/], URL [jar:file:/Users/owldeveloper/.m2/repository/com/google/cloud/google-cloud-storage/1.27.0/google-cloud-storage-1.27.0.jar!/com/], URL [jar:file:/Users/owldeveloper/.m2/repository/com/google/cloud/google-cloud-core/1.27.0/google-cloud-core-1.27.0.jar!/com/], URL [jar:file:/Users/owldeveloper/.m2/repository/com/google/api/gax/1.23.0/gax-1.23.0.jar!/com/], URL [jar:file:/Users/owldeveloper/.m2/repository/com/google/protobuf/protobuf-java-util/3.5.1/protobuf-java-util-3.5.1.jar!/com/], URL [jar:file:/Users/owldeveloper/.m2/repository/com/google/api/grpc/proto-google-common-protos/1.9.0/proto-google-common-protos-1.9.0.jar!/com/], URL [jar:file:/Users/owldeveloper/.m2/repository/com/google/api/grpc/proto-google-iam-v1/0.10.0/proto-google-iam-v1-0.10.0.jar!/com/], URL [jar:file:/Users/owldeveloper/.m2/repository/com/google/cloud/google-cloud-core-http/1.27.0/google-cloud-core-http-1.27.0.jar!/com/], URL [jar:file:/Users/owldeveloper/.m2/repository/com/google/http-client/google-http-client-appengine/1.23.0/google-http-client-appengine-1.23.0.jar!/com/], URL [jar:file:/Users/owldeveloper/.m2/repository/com/google/http-client/google-http-client-jackson/1.23.0/google-http-client-jackson-1.23.0.jar!/com/], URL [jar:file:/Users/owldeveloper/.m2/repository/com/google/api/gax-httpjson/0.40.0/gax-httpjson-0.40.0.jar!/com/], URL [jar:file:/Users/owldeveloper/.m2/repository/com/google/errorprone/error_prone_annotations/2.2.0/error_prone_annotations-2.2.0.jar!/com/], URL [jar:file:/Users/owldeveloper/.m2/repository/com/google/apis/google-api-services-storage/v1-rev114-1.23.0/google-api-services-storage-v1-rev114-1.23.0.jar!/com/], URL [jar:file:/Users/owldeveloper/.m2/repository/com/google/cloud/google-cloud-firestore/0.45.0-beta/google-cloud-firestore-0.45.0-beta.jar!/com/], URL [jar:file:/Users/owldeveloper/.m2/repository/com/google/cloud/google-cloud-core-grpc/1.27.0/google-cloud-core-grpc-1.27.0.jar!/com/], URL [jar:file:/Users/owldeveloper/.m2/repository/com/google/protobuf/protobuf-java/3.5.1/protobuf-java-3.5.1.jar!/com/], URL [jar:file:/Users/owldeveloper/.m2/repository/com/google/api/gax-grpc/1.23.0/gax-grpc-1.23.0.jar!/com/], URL [jar:file:/Users/owldeveloper/.m2/repository/com/google/api/grpc/proto-google-cloud-firestore-v1beta1/0.10.0/proto-google-cloud-firestore-v1beta1-0.10.0.jar!/com/], URL [jar:file:/Users/owldeveloper/.m2/repository/com/google/auto/value/auto-value/1.4/auto-value-1.4.jar!/com/], URL [jar:file:/Users/owldeveloper/.m2/repository/com/google/guava/guava/20.0/guava-20.0.jar!/com/], URL [jar:file:/Users/owldeveloper/.m2/repository/com/fasterxml/jackson/datatype/jackson-datatype-jdk8/2.9.5/jackson-datatype-jdk8-2.9.5.jar!/com/], URL [jar:file:/Users/owldeveloper/.m2/repository/com/fasterxml/jackson/datatype/jackson-datatype-jsr310/2.9.5/jackson-datatype-jsr310-2.9.5.jar!/com/], URL [jar:file:/Users/owldeveloper/.m2/repository/com/fasterxml/jackson/module/jackson-module-parameter-names/2.9.5/jackson-module-parameter-names-2.9.5.jar!/com/], URL [jar:file:/Users/owldeveloper/.m2/repository/com/fasterxml/classmate/1.3.4/classmate-1.3.4.jar!/com/], URL [jar:file:/Users/owldeveloper/.m2/repository/org/projectlombok/lombok/1.16.20/lombok-1.16.20.jar!/com/], URL [jar:file:/Users/owldeveloper/.m2/repository/com/cloudinary/cloudinary-http44/1.17.0/cloudinary-http44-1.17.0.jar!/com/], URL [jar:file:/Users/owldeveloper/.m2/repository/com/cloudinary/cloudinary-core/1.17.0/cloudinary-core-1.17.0.jar!/com/], URL [jar:file:/Users/owldeveloper/.m2/repository/com/jayway/jsonpath/json-path/2.4.0/json-path-2.4.0.jar!/com/], URL [jar:file:/Users/owldeveloper/.m2/repository/javax/activation/activation/1.1.1/activation-1.1.1.jar!/com/], URL [jar:file:/Users/owldeveloper/.m2/repository/com/fasterxml/jackson/core/jackson-core/2.9.5/jackson-core-2.9.5.jar!/com/], URL [jar:file:/Users/owldeveloper/.m2/repository/com/fasterxml/jackson/core/jackson-databind/2.9.5/jackson-databind-2.9.5.jar!/com/], URL [jar:file:/Users/owldeveloper/.m2/repository/com/fasterxml/jackson/core/jackson-annotations/2.9.0/jackson-annotations-2.9.0.jar!/com/], URL [jar:file:/Users/owldeveloper/.m2/repository/com/fasterxml/jackson/jaxrs/jackson-jaxrs-json-provider/2.9.5/jackson-jaxrs-json-provider-2.9.5.jar!/com/], URL [jar:file:/Users/owldeveloper/.m2/repository/com/fasterxml/jackson/jaxrs/jackson-jaxrs-base/2.9.5/jackson-jaxrs-base-2.9.5.jar!/com/], URL [jar:file:/Users/owldeveloper/.m2/repository/com/fasterxml/jackson/module/jackson-module-jaxb-annotations/2.9.5/jackson-module-jaxb-annotations-2.9.5.jar!/com/], URL [jar:file:/Users/owldeveloper/.m2/repository/com/google/code/gson/gson/2.8.6/gson-2.8.6.jar!/com/], URL [jar:file:/Users/owldeveloper/.m2/repository/org/mongodb/mongodb-driver/3.6.3/mongodb-driver-3.6.3.jar!/com/], URL [jar:file:/Users/owldeveloper/.m2/repository/org/mongodb/mongodb-driver-core/3.6.3/mongodb-driver-core-3.6.3.jar!/com/], URL [jar:file:/Users/owldeveloper/.m2/repository/com/sun/mail/javax.mail/1.6.1/javax.mail-1.6.1.jar!/com/]]
13:41:46.654 [main] DEBUG org.springframework.core.io.support.PathMatchingResourcePatternResolver - Looking for matching resources in directory tree [/Users/owldeveloper/Documents/_developer/owlapps/java/mercadocomerce-service-springboot/target/test-classes/com]
13:41:46.656 [main] DEBUG org.springframework.core.io.support.PathMatchingResourcePatternResolver - Searching directory [/Users/owldeveloper/Documents/_developer/owlapps/java/mercadocomerce-service-springboot/target/test-classes/com] for files matching pattern [/Users/owldeveloper/Documents/_developer/owlapps/java/mercadocomerce-service-springboot/target/test-classes/com/*.class]
13:41:46.657 [main] DEBUG org.springframework.core.io.support.PathMatchingResourcePatternResolver - Looking for matching resources in directory tree [/Users/owldeveloper/Documents/_developer/owlapps/java/mercadocomerce-service-springboot/target/classes/com]
13:41:46.657 [main] DEBUG org.springframework.core.io.support.PathMatchingResourcePatternResolver - Searching directory [/Users/owldeveloper/Documents/_developer/owlapps/java/mercadocomerce-service-springboot/target/classes/com] for files matching pattern [/Users/owldeveloper/Documents/_developer/owlapps/java/mercadocomerce-service-springboot/target/classes/com/*.class]
13:41:46.659 [main] DEBUG org.springframework.core.io.support.PathMatchingResourcePatternResolver - Looking for matching resources in jar file [file:/Users/owldeveloper/.m2/repository/com/google/firebase/firebase-admin/6.3.0/firebase-admin-6.3.0.jar]
13:41:46.676 [main] DEBUG org.springframework.core.io.support.PathMatchingResourcePatternResolver - Looking for matching resources in jar file [file:/Users/owldeveloper/.m2/repository/com/google/api-client/google-api-client/1.23.0/google-api-client-1.23.0.jar]
13:41:46.680 [main] DEBUG org.springframework.core.io.support.PathMatchingResourcePatternResolver - Looking for matching resources in jar file [file:/Users/owldeveloper/.m2/repository/com/google/oauth-client/google-oauth-client/1.23.0/google-oauth-client-1.23.0.jar]
13:41:46.681 [main] DEBUG org.springframework.core.io.support.PathMatchingResourcePatternResolver - Looking for matching resources in jar file [file:/Users/owldeveloper/.m2/repository/com/google/http-client/google-http-client-jackson2/1.23.0/google-http-client-jackson2-1.23.0.jar]
13:41:46.681 [main] DEBUG org.springframework.core.io.support.PathMatchingResourcePatternResolver - Looking for matching resources in jar file [file:/Users/owldeveloper/.m2/repository/com/google/api-client/google-api-client-gson/1.23.0/google-api-client-gson-1.23.0.jar]
13:41:46.681 [main] DEBUG org.springframework.core.io.support.PathMatchingResourcePatternResolver - Looking for matching resources in jar file [file:/Users/owldeveloper/.m2/repository/com/google/http-client/google-http-client-gson/1.23.0/google-http-client-gson-1.23.0.jar]
13:41:46.681 [main] DEBUG org.springframework.core.io.support.PathMatchingResourcePatternResolver - Looking for matching resources in jar file [file:/Users/owldeveloper/.m2/repository/com/google/http-client/google-http-client/1.23.0/google-http-client-1.23.0.jar]
13:41:46.682 [main] DEBUG org.springframework.core.io.support.PathMatchingResourcePatternResolver - Looking for matching resources in jar file [file:/Users/owldeveloper/.m2/repository/com/google/api/api-common/1.2.0/api-common-1.2.0.jar]
13:41:46.682 [main] DEBUG org.springframework.core.io.support.PathMatchingResourcePatternResolver - Looking for matching resources in jar file [file:/Users/owldeveloper/.m2/repository/com/google/auth/google-auth-library-oauth2-http/0.8.0/google-auth-library-oauth2-http-0.8.0.jar]
13:41:46.682 [main] DEBUG org.springframework.core.io.support.PathMatchingResourcePatternResolver - Looking for matching resources in jar file [file:/Users/owldeveloper/.m2/repository/com/google/auth/google-auth-library-credentials/0.8.0/google-auth-library-credentials-0.8.0.jar]
13:41:46.682 [main] DEBUG org.springframework.core.io.support.PathMatchingResourcePatternResolver - Looking for matching resources in jar file [file:/Users/owldeveloper/.m2/repository/com/google/cloud/google-cloud-storage/1.27.0/google-cloud-storage-1.27.0.jar]
13:41:46.684 [main] DEBUG org.springframework.core.io.support.PathMatchingResourcePatternResolver - Looking for matching resources in jar file [file:/Users/owldeveloper/.m2/repository/com/google/cloud/google-cloud-core/1.27.0/google-cloud-core-1.27.0.jar]
13:41:46.687 [main] DEBUG org.springframework.core.io.support.PathMatchingResourcePatternResolver - Looking for matching resources in jar file [file:/Users/owldeveloper/.m2/repository/com/google/api/gax/1.23.0/gax-1.23.0.jar]
13:41:46.688 [main] DEBUG org.springframework.core.io.support.PathMatchingResourcePatternResolver - Looking for matching resources in jar file [file:/Users/owldeveloper/.m2/repository/com/google/protobuf/protobuf-java-util/3.5.1/protobuf-java-util-3.5.1.jar]
13:41:46.688 [main] DEBUG org.springframework.core.io.support.PathMatchingResourcePatternResolver - Looking for matching resources in jar file [file:/Users/owldeveloper/.m2/repository/com/google/api/grpc/proto-google-common-protos/1.9.0/proto-google-common-protos-1.9.0.jar]
13:41:46.690 [main] DEBUG org.springframework.core.io.support.PathMatchingResourcePatternResolver - Looking for matching resources in jar file [file:/Users/owldeveloper/.m2/repository/com/google/api/grpc/proto-google-iam-v1/0.10.0/proto-google-iam-v1-0.10.0.jar]
13:41:46.690 [main] DEBUG org.springframework.core.io.support.PathMatchingResourcePatternResolver - Looking for matching resources in jar file [file:/Users/owldeveloper/.m2/repository/com/google/cloud/google-cloud-core-http/1.27.0/google-cloud-core-http-1.27.0.jar]
13:41:46.690 [main] DEBUG org.springframework.core.io.support.PathMatchingResourcePatternResolver - Looking for matching resources in jar file [file:/Users/owldeveloper/.m2/repository/com/google/http-client/google-http-client-appengine/1.23.0/google-http-client-appengine-1.23.0.jar]
13:41:46.690 [main] DEBUG org.springframework.core.io.support.PathMatchingResourcePatternResolver - Looking for matching resources in jar file [file:/Users/owldeveloper/.m2/repository/com/google/http-client/google-http-client-jackson/1.23.0/google-http-client-jackson-1.23.0.jar]
13:41:46.691 [main] DEBUG org.springframework.core.io.support.PathMatchingResourcePatternResolver - Looking for matching resources in jar file [file:/Users/owldeveloper/.m2/repository/com/google/api/gax-httpjson/0.40.0/gax-httpjson-0.40.0.jar]
13:41:46.696 [main] DEBUG org.springframework.core.io.support.PathMatchingResourcePatternResolver - Looking for matching resources in jar file [file:/Users/owldeveloper/.m2/repository/com/google/errorprone/error_prone_annotations/2.2.0/error_prone_annotations-2.2.0.jar]
13:41:46.697 [main] DEBUG org.springframework.core.io.support.PathMatchingResourcePatternResolver - Looking for matching resources in jar file [file:/Users/owldeveloper/.m2/repository/com/google/apis/google-api-services-storage/v1-rev114-1.23.0/google-api-services-storage-v1-rev114-1.23.0.jar]
13:41:46.698 [main] DEBUG org.springframework.core.io.support.PathMatchingResourcePatternResolver - Looking for matching resources in jar file [file:/Users/owldeveloper/.m2/repository/com/google/cloud/google-cloud-firestore/0.45.0-beta/google-cloud-firestore-0.45.0-beta.jar]
13:41:46.698 [main] DEBUG org.springframework.core.io.support.PathMatchingResourcePatternResolver - Looking for matching resources in jar file [file:/Users/owldeveloper/.m2/repository/com/google/cloud/google-cloud-core-grpc/1.27.0/google-cloud-core-grpc-1.27.0.jar]
13:41:46.699 [main] DEBUG org.springframework.core.io.support.PathMatchingResourcePatternResolver - Looking for matching resources in jar file [file:/Users/owldeveloper/.m2/repository/com/google/protobuf/protobuf-java/3.5.1/protobuf-java-3.5.1.jar]
13:41:46.699 [main] DEBUG org.springframework.core.io.support.PathMatchingResourcePatternResolver - Looking for matching resources in jar file [file:/Users/owldeveloper/.m2/repository/com/google/api/gax-grpc/1.23.0/gax-grpc-1.23.0.jar]
13:41:46.700 [main] DEBUG org.springframework.core.io.support.PathMatchingResourcePatternResolver - Looking for matching resources in jar file [file:/Users/owldeveloper/.m2/repository/com/google/api/grpc/proto-google-cloud-firestore-v1beta1/0.10.0/proto-google-cloud-firestore-v1beta1-0.10.0.jar]
13:41:46.700 [main] DEBUG org.springframework.core.io.support.PathMatchingResourcePatternResolver - Looking for matching resources in jar file [file:/Users/owldeveloper/.m2/repository/com/google/auto/value/auto-value/1.4/auto-value-1.4.jar]
13:41:46.702 [main] DEBUG org.springframework.core.io.support.PathMatchingResourcePatternResolver - Looking for matching resources in jar file [file:/Users/owldeveloper/.m2/repository/com/google/guava/guava/20.0/guava-20.0.jar]
13:41:46.721 [main] DEBUG org.springframework.core.io.support.PathMatchingResourcePatternResolver - Looking for matching resources in jar file [file:/Users/owldeveloper/.m2/repository/com/fasterxml/jackson/datatype/jackson-datatype-jdk8/2.9.5/jackson-datatype-jdk8-2.9.5.jar]
13:41:46.725 [main] DEBUG org.springframework.core.io.support.PathMatchingResourcePatternResolver - Looking for matching resources in jar file [file:/Users/owldeveloper/.m2/repository/com/fasterxml/jackson/datatype/jackson-datatype-jsr310/2.9.5/jackson-datatype-jsr310-2.9.5.jar]
13:41:46.726 [main] DEBUG org.springframework.core.io.support.PathMatchingResourcePatternResolver - Looking for matching resources in jar file [file:/Users/owldeveloper/.m2/repository/com/fasterxml/jackson/module/jackson-module-parameter-names/2.9.5/jackson-module-parameter-names-2.9.5.jar]
13:41:46.726 [main] DEBUG org.springframework.core.io.support.PathMatchingResourcePatternResolver - Looking for matching resources in jar file [file:/Users/owldeveloper/.m2/repository/com/fasterxml/classmate/1.3.4/classmate-1.3.4.jar]
13:41:46.726 [main] DEBUG org.springframework.core.io.support.PathMatchingResourcePatternResolver - Looking for matching resources in jar file [file:/Users/owldeveloper/.m2/repository/org/projectlombok/lombok/1.16.20/lombok-1.16.20.jar]
13:41:46.727 [main] DEBUG org.springframework.core.io.support.PathMatchingResourcePatternResolver - Looking for matching resources in jar file [file:/Users/owldeveloper/.m2/repository/com/cloudinary/cloudinary-http44/1.17.0/cloudinary-http44-1.17.0.jar]
13:41:46.727 [main] DEBUG org.springframework.core.io.support.PathMatchingResourcePatternResolver - Looking for matching resources in jar file [file:/Users/owldeveloper/.m2/repository/com/cloudinary/cloudinary-core/1.17.0/cloudinary-core-1.17.0.jar]
13:41:46.727 [main] DEBUG org.springframework.core.io.support.PathMatchingResourcePatternResolver - Looking for matching resources in jar file [file:/Users/owldeveloper/.m2/repository/com/jayway/jsonpath/json-path/2.4.0/json-path-2.4.0.jar]
13:41:46.727 [main] DEBUG org.springframework.core.io.support.PathMatchingResourcePatternResolver - Looking for matching resources in jar file [file:/Users/owldeveloper/.m2/repository/javax/activation/activation/1.1.1/activation-1.1.1.jar]
13:41:46.727 [main] DEBUG org.springframework.core.io.support.PathMatchingResourcePatternResolver - Looking for matching resources in jar file [file:/Users/owldeveloper/.m2/repository/com/fasterxml/jackson/core/jackson-core/2.9.5/jackson-core-2.9.5.jar]
13:41:46.727 [main] DEBUG org.springframework.core.io.support.PathMatchingResourcePatternResolver - Looking for matching resources in jar file [file:/Users/owldeveloper/.m2/repository/com/fasterxml/jackson/core/jackson-databind/2.9.5/jackson-databind-2.9.5.jar]
13:41:46.728 [main] DEBUG org.springframework.core.io.support.PathMatchingResourcePatternResolver - Looking for matching resources in jar file [file:/Users/owldeveloper/.m2/repository/com/fasterxml/jackson/core/jackson-annotations/2.9.0/jackson-annotations-2.9.0.jar]
13:41:46.755 [main] DEBUG org.springframework.core.io.support.PathMatchingResourcePatternResolver - Looking for matching resources in jar file [file:/Users/owldeveloper/.m2/repository/com/fasterxml/jackson/jaxrs/jackson-jaxrs-json-provider/2.9.5/jackson-jaxrs-json-provider-2.9.5.jar]
13:41:46.757 [main] DEBUG org.springframework.core.io.support.PathMatchingResourcePatternResolver - Looking for matching resources in jar file [file:/Users/owldeveloper/.m2/repository/com/fasterxml/jackson/jaxrs/jackson-jaxrs-base/2.9.5/jackson-jaxrs-base-2.9.5.jar]
13:41:46.757 [main] DEBUG org.springframework.core.io.support.PathMatchingResourcePatternResolver - Looking for matching resources in jar file [file:/Users/owldeveloper/.m2/repository/com/fasterxml/jackson/module/jackson-module-jaxb-annotations/2.9.5/jackson-module-jaxb-annotations-2.9.5.jar]
13:41:46.757 [main] DEBUG org.springframework.core.io.support.PathMatchingResourcePatternResolver - Looking for matching resources in jar file [file:/Users/owldeveloper/.m2/repository/com/google/code/gson/gson/2.8.6/gson-2.8.6.jar]
13:41:46.757 [main] DEBUG org.springframework.core.io.support.PathMatchingResourcePatternResolver - Looking for matching resources in jar file [file:/Users/owldeveloper/.m2/repository/org/mongodb/mongodb-driver/3.6.3/mongodb-driver-3.6.3.jar]
13:41:46.758 [main] DEBUG org.springframework.core.io.support.PathMatchingResourcePatternResolver - Looking for matching resources in jar file [file:/Users/owldeveloper/.m2/repository/org/mongodb/mongodb-driver-core/3.6.3/mongodb-driver-core-3.6.3.jar]
13:41:46.761 [main] DEBUG org.springframework.core.io.support.PathMatchingResourcePatternResolver - Looking for matching resources in jar file [file:/Users/owldeveloper/.m2/repository/com/sun/mail/javax.mail/1.6.1/javax.mail-1.6.1.jar]
13:41:46.762 [main] DEBUG org.springframework.core.io.support.PathMatchingResourcePatternResolver - Resolved location pattern [classpath*:com/*.class] to resources []
]]></system-out>
  </testcase>
</testsuite>